<?xml version="1.0" encoding="UTF-8"?>
<!-- Generated by org.testng.reporters.JUnitXMLReporter -->
<testsuite ignored="1" hostname="KAMALESH" failures="0" tests="6" name="Test" time="18.802" errors="0" timestamp="2025-10-05T21:10:31 IST">
  <testcase classname="main.com.MainClass" name="browserLaunch" time="1.945"/>
  <testcase classname="main.com.MainClass" name="maximize" time="0.035"/>
  <testcase classname="main.com.MainClass" name="passUrl" time="5.128"/>
  <testcase classname="main.com.MainClass" name="loginPage" time="1.143"/>
  <testcase classname="main.com.MainClass" name="cartPage" time="4.391"/>
  <testcase classname="main.com.MainClass" name="orderConfirm" time="6.079"/>
  <testcase classname="main.com.MainClass" name="checkoutPage" time="0.0">
    <ignored/>
  </testcase> <!-- checkoutPage -->
</testsuite> <!-- Test -->
