<?xml version="1.0" encoding="UTF-8"?>
<testng-results ignored="0" total="6" passed="6" failed="0" skipped="0">
  <reporter-output>
  </reporter-output>
  <suite started-at="2025-10-05T21:10:12 IST" name="Suite" finished-at="2025-10-05T21:10:31 IST" duration-ms="18802">
    <groups>
    </groups>
    <test started-at="2025-10-05T21:10:12 IST" name="Test" finished-at="2025-10-05T21:10:31 IST" duration-ms="18802">
      <class name="main.com.MainClass">
        <test-method signature="browserLaunch(java.lang.String)[pri:0, instance:main.com.MainClass@13c9d689]" started-at="2025-10-05T21:10:12 IST" name="browserLaunch" finished-at="2025-10-05T21:10:14 IST" duration-ms="1945" status="PASS">
          <params>
            <param index="0">
              <value>
                <![CDATA[Chrome]]>
              </value>
            </param>
          </params>
          <reporter-output>
          </reporter-output>
        </test-method> <!-- browserLaunch -->
        <test-method signature="maximize()[pri:1, instance:main.com.MainClass@13c9d689]" started-at="2025-10-05T21:10:14 IST" name="maximize" finished-at="2025-10-05T21:10:14 IST" duration-ms="35" status="PASS">
          <reporter-output>
          </reporter-output>
        </test-method> <!-- maximize -->
        <test-method signature="passUrl(java.lang.String)[pri:2, instance:main.com.MainClass@13c9d689]" started-at="2025-10-05T21:10:14 IST" name="passUrl" finished-at="2025-10-05T21:10:19 IST" duration-ms="5128" status="PASS">
          <params>
            <param index="0">
              <value>
                <![CDATA[https://demowebshop.tricentis.com/]]>
              </value>
            </param>
          </params>
          <reporter-output>
          </reporter-output>
        </test-method> <!-- passUrl -->
        <test-method signature="loginPage(java.lang.String,java.lang.String)[pri:3, instance:main.com.MainClass@13c9d689]" started-at="2025-10-05T21:10:19 IST" name="loginPage" finished-at="2025-10-05T21:10:21 IST" duration-ms="1143" status="PASS">
          <params>
            <param index="0">
              <value>
                <![CDATA[kamalesh@gamail.com]]>
              </value>
            </param>
            <param index="1">
              <value>
                <![CDATA[kamal@15]]>
              </value>
            </param>
          </params>
          <reporter-output>
          </reporter-output>
        </test-method> <!-- loginPage -->
        <test-method signature="cartPage(java.lang.String,java.lang.String,java.lang.String,java.lang.String)[pri:4, instance:main.com.MainClass@13c9d689]" started-at="2025-10-05T21:10:21 IST" name="cartPage" finished-at="2025-10-05T21:10:25 IST" duration-ms="4391" status="PASS">
          <params>
            <param index="0">
              <value>
                <![CDATA[India]]>
              </value>
            </param>
            <param index="1">
              <value>
                <![CDATA[600054]]>
              </value>
            </param>
            <param index="2">
              <value>
                <![CDATA[12e@255]]>
              </value>
            </param>
            <param index="3">
              <value>
                <![CDATA[123098]]>
              </value>
            </param>
          </params>
          <reporter-output>
          </reporter-output>
        </test-method> <!-- cartPage -->
        <test-method signature="orderConfirm()[pri:6, instance:main.com.MainClass@13c9d689]" started-at="2025-10-05T21:10:25 IST" name="orderConfirm" finished-at="2025-10-05T21:10:31 IST" duration-ms="6079" status="PASS">
          <reporter-output>
          </reporter-output>
        </test-method> <!-- orderConfirm -->
      </class> <!-- main.com.MainClass -->
    </test> <!-- Test -->
  </suite> <!-- Suite -->
</testng-results>
